# JRE version: Java(TM) SE Runtime Environment (8.0_66-b17) (build 1.8.0_66-b17)
# Java VM: Java HotSpot(TM) 64-Bit Server VM (25.66-b17 mixed mode linux-amd64 compressed oops)
Heap:
 PSYoungGen      total 663040K, used 0K [0x00000000d6d00000, 0x0000000100000000, 0x0000000100000000)
  eden space 652288K, 0% used [0x00000000d6d00000,0x00000000d6d00000,0x00000000fea00000)
  from space 10752K, 0% used [0x00000000fea00000,0x00000000fea00000,0x00000000ff480000)
  to   space 11776K, 0% used [0x00000000ff480000,0x00000000ff480000,0x0000000100000000)
 ParOldGen       total 859648K, used 801030K [0x0000000084600000, 0x00000000b8d80000, 0x00000000d6d00000)
  object space 859648K, 93% used [0x0000000084600000,0x00000000b5441808,0x00000000b8d80000)
 Metaspace       used 16440K, capacity 16656K, committed 16768K, reserved 1064960K
  class space    used 1824K, capacity 1898K, committed 1920K, reserved 1048576K
GC Heap History (10 events):
Event: 1293,457 GC heap after
Heap after GC invocations=498 (full 5):
 PSYoungGen      total 662016K, used 2050K [0x00000000d6d00000, 0x00000000fff00000, 0x0000000100000000)
  eden space 650240K, 0% used [0x00000000d6d00000,0x00000000d6d00000,0x00000000fe800000)
  from space 11776K, 17% used [0x00000000fe800000,0x00000000fea00880,0x00000000ff380000)
  to   space 11264K, 0% used [0x00000000ff400000,0x00000000ff400000,0x00000000fff00000)
 ParOldGen       total 830464K, used 818281K [0x0000000084600000, 0x00000000b7100000, 0x00000000d6d00000)
  object space 830464K, 98% used [0x0000000084600000,0x00000000b651a4d0,0x00000000b7100000)
 Metaspace       used 16414K, capacity 16656K, committed 16768K, reserved 1064960K
  class space    used 1824K, capacity 1898K, committed 1920K, reserved 1048576K
}
Event: 1293,583 GC heap before
{Heap before GC invocations=499 (full 5):
 PSYoungGen      total 662016K, used 652290K [0x00000000d6d00000, 0x00000000fff00000, 0x0000000100000000)
  eden space 650240K, 100% used [0x00000000d6d00000,0x00000000fe800000,0x00000000fe800000)
  from space 11776K, 17% used [0x00000000fe800000,0x00000000fea00880,0x00000000ff380000)
  to   space 11264K, 0% used [0x00000000ff400000,0x00000000ff400000,0x00000000fff00000)
 ParOldGen       total 830464K, used 818281K [0x0000000084600000, 0x00000000b7100000, 0x00000000d6d00000)
  object space 830464K, 98% used [0x0000000084600000,0x00000000b651a4d0,0x00000000b7100000)
 Metaspace       used 16414K, capacity 16656K, committed 16768K, reserved 1064960K
  class space    used 1824K, capacity 1898K, committed 1920K, reserved 1048576K
Event: 1293,588 GC heap after
Heap after GC invocations=499 (full 5):
 PSYoungGen      total 662528K, used 1573K [0x00000000d6d00000, 0x00000000fff80000, 0x0000000100000000)
  eden space 651264K, 0% used [0x00000000d6d00000,0x00000000d6d00000,0x00000000fe900000)
  from space 11264K, 13% used [0x00000000ff400000,0x00000000ff589490,0x00000000fff00000)
  to   space 11264K, 0% used [0x00000000fe900000,0x00000000fe900000,0x00000000ff400000)
 ParOldGen       total 830464K, used 818441K [0x0000000084600000, 0x00000000b7100000, 0x00000000d6d00000)
  object space 830464K, 98% used [0x0000000084600000,0x00000000b65424d0,0x00000000b7100000)
 Metaspace       used 16414K, capacity 16656K, committed 16768K, reserved 1064960K
  class space    used 1824K, capacity 1898K, committed 1920K, reserved 1048576K
}
Event: 1293,714 GC heap before
{Heap before GC invocations=500 (full 5):
 PSYoungGen      total 662528K, used 652701K [0x00000000d6d00000, 0x00000000fff80000, 0x0000000100000000)
  eden space 651264K, 99% used [0x00000000d6d00000,0x00000000fe8de190,0x00000000fe900000)
  from space 11264K, 13% used [0x00000000ff400000,0x00000000ff589490,0x00000000fff00000)
  to   space 11264K, 0% used [0x00000000fe900000,0x00000000fe900000,0x00000000ff400000)
 ParOldGen       total 830464K, used 818441K [0x0000000084600000, 0x00000000b7100000, 0x00000000d6d00000)
  object space 830464K, 98% used [0x0000000084600000,0x00000000b65424d0,0x00000000b7100000)
 Metaspace       used 16414K, capacity 16656K, committed 16768K, reserved 1064960K
  class space    used 1824K, capacity 1898K, committed 1920K, reserved 1048576K
Event: 1293,719 GC heap after
Heap after GC invocations=500 (full 5):
 PSYoungGen      total 662528K, used 1385K [0x00000000d6d00000, 0x00000000fff00000, 0x0000000100000000)
  eden space 651264K, 0% used [0x00000000d6d00000,0x00000000d6d00000,0x00000000fe900000)
  from space 11264K, 12% used [0x00000000fe900000,0x00000000fea5a480,0x00000000ff400000)
  to   space 10752K, 0% used [0x00000000ff480000,0x00000000ff480000,0x00000000fff00000)
 ParOldGen       total 830464K, used 818497K [0x0000000084600000, 0x00000000b7100000, 0x00000000d6d00000)
  object space 830464K, 98% used [0x0000000084600000,0x00000000b65504d0,0x00000000b7100000)
 Metaspace       used 16414K, capacity 16656K, committed 16768K, reserved 1064960K
  class space    used 1824K, capacity 1898K, committed 1920K, reserved 1048576K
}
Event: 1293,846 GC heap before
{Heap before GC invocations=501 (full 5):
 PSYoungGen      total 662528K, used 652649K [0x00000000d6d00000, 0x00000000fff00000, 0x0000000100000000)
  eden space 651264K, 100% used [0x00000000d6d00000,0x00000000fe900000,0x00000000fe900000)
  from space 11264K, 12% used [0x00000000fe900000,0x00000000fea5a480,0x00000000ff400000)
  to   space 10752K, 0% used [0x00000000ff480000,0x00000000ff480000,0x00000000fff00000)
 ParOldGen       total 830464K, used 818497K [0x0000000084600000, 0x00000000b7100000, 0x00000000d6d00000)
  object space 830464K, 98% used [0x0000000084600000,0x00000000b65504d0,0x00000000b7100000)
 Metaspace       used 16414K, capacity 16656K, committed 16768K, reserved 1064960K
  class space    used 1824K, capacity 1898K, committed 1920K, reserved 1048576K
Event: 1293,850 GC heap after
Heap after GC invocations=501 (full 5):
 PSYoungGen      total 663040K, used 1152K [0x00000000d6d00000, 0x00000000fff80000, 0x0000000100000000)
  eden space 652288K, 0% used [0x00000000d6d00000,0x00000000d6d00000,0x00000000fea00000)
  from space 10752K, 10% used [0x00000000ff480000,0x00000000ff5a0028,0x00000000fff00000)
  to   space 10752K, 0% used [0x00000000fea00000,0x00000000fea00000,0x00000000ff480000)
 ParOldGen       total 830464K, used 818529K [0x0000000084600000, 0x00000000b7100000, 0x00000000d6d00000)
  object space 830464K, 98% used [0x0000000084600000,0x00000000b65584d0,0x00000000b7100000)
 Metaspace       used 16414K, capacity 16656K, committed 16768K, reserved 1064960K
  class space    used 1824K, capacity 1898K, committed 1920K, reserved 1048576K
}
Event: 1295,219 GC heap before
{Heap before GC invocations=502 (full 5):
 PSYoungGen      total 663040K, used 653440K [0x00000000d6d00000, 0x00000000fff80000, 0x0000000100000000)
  eden space 652288K, 100% used [0x00000000d6d00000,0x00000000fea00000,0x00000000fea00000)
  from space 10752K, 10% used [0x00000000ff480000,0x00000000ff5a0028,0x00000000fff00000)
  to   space 10752K, 0% used [0x00000000fea00000,0x00000000fea00000,0x00000000ff480000)
 ParOldGen       total 830464K, used 818529K [0x0000000084600000, 0x00000000b7100000, 0x00000000d6d00000)
  object space 830464K, 98% used [0x0000000084600000,0x00000000b65584d0,0x00000000b7100000)
 Metaspace       used 16440K, capacity 16656K, committed 16768K, reserved 1064960K
  class space    used 1824K, capacity 1898K, committed 1920K, reserved 1048576K
Event: 1296,234 GC heap after
Heap after GC invocations=502 (full 5):
 PSYoungGen      total 663040K, used 10733K [0x00000000d6d00000, 0x0000000100000000, 0x0000000100000000)
  eden space 652288K, 0% used [0x00000000d6d00000,0x00000000d6d00000,0x00000000fea00000)
  from space 10752K, 99% used [0x00000000fea00000,0x00000000ff47b5d0,0x00000000ff480000)
  to   space 11776K, 0% used [0x00000000ff480000,0x00000000ff480000,0x0000000100000000)
 ParOldGen       total 859648K, used 859446K [0x0000000084600000, 0x00000000b8d80000, 0x00000000d6d00000)
  object space 859648K, 99% used [0x0000000084600000,0x00000000b8d4db08,0x00000000b8d80000)
 Metaspace       used 16440K, capacity 16656K, committed 16768K, reserved 1064960K
  class space    used 1824K, capacity 1898K, committed 1920K, reserved 1048576K
}
Event: 1298,539 GC heap before
{Heap before GC invocations=503 (full 6):
 PSYoungGen      total 663040K, used 10733K [0x00000000d6d00000, 0x0000000100000000, 0x0000000100000000)
  eden space 652288K, 0% used [0x00000000d6d00000,0x00000000d6d00000,0x00000000fea00000)
  from space 10752K, 99% used [0x00000000fea00000,0x00000000ff47b5d0,0x00000000ff480000)
  to   space 11776K, 0% used [0x00000000ff480000,0x00000000ff480000,0x0000000100000000)
 ParOldGen       total 859648K, used 859446K [0x0000000084600000, 0x00000000b8d80000, 0x00000000d6d00000)
  object space 859648K, 99% used [0x0000000084600000,0x00000000b8d4db08,0x00000000b8d80000)
 Metaspace       used 16440K, capacity 16656K, committed 16768K, reserved 1064960K
  class space    used 1824K, capacity 1898K, committed 1920K, reserved 1048576K

